[0.011s] Invoking command in '/home/wx_pc/Desktop/ur_sim/build/ur_simulation_gz': CMAKE_PREFIX_PATH=${CMAKE_PREFIX_PATH}:/home/wx_pc/ws_moveit2/install/moveit_configs_utils:/home/wx_pc/ws_moveit2/install/launch_param_builder:/opt/ros/humble /usr/bin/cmake /home/wx_pc/Desktop/ur_sim/src/Universal_Robots_ROS2_GZ_Simulation/ur_simulation_gz -DCMAKE_INSTALL_PREFIX=/home/wx_pc/Desktop/ur_sim/install/ur_simulation_gz
[0.066s] -- The C compiler identification is GNU 11.4.0
[0.130s] -- The CXX compiler identification is GNU 11.4.0
[0.137s] -- Detecting C compiler ABI info
[0.216s] -- Detecting C compiler ABI info - done
[0.221s] -- Check for working C compiler: /usr/bin/cc - skipped
[0.221s] -- Detecting C compile features
[0.222s] -- Detecting C compile features - done
[0.224s] -- Detecting CXX compiler ABI info
[0.291s] -- Detecting CXX compiler ABI info - done
[0.296s] -- Check for working CXX compiler: /usr/bin/c++ - skipped
[0.297s] -- Detecting CXX compile features
[0.297s] -- Detecting CXX compile features - done
[0.302s] -- Found ament_cmake: 1.3.10 (/opt/ros/humble/share/ament_cmake/cmake)
[0.433s] -- Found Python3: /usr/bin/python3 (found version "3.10.12") found components: Interpreter 
[0.543s] -- Found launch_testing_ament_cmake: 1.0.6 (/opt/ros/humble/share/launch_testing_ament_cmake/cmake)
[0.548s] -- Found python_cmake_module: 0.10.0 (/opt/ros/humble/share/python_cmake_module/cmake)
[0.565s] -- Found PythonInterp: /usr/bin/python3 (found suitable version "3.10.12", minimum required is "3.6") 
[0.577s] -- Found PythonLibs: /usr/lib/x86_64-linux-gnu/libpython3.10.so (found suitable version "3.10.12", minimum required is "3.5") 
[0.578s] -- Using PYTHON_EXECUTABLE: /usr/bin/python3
[0.578s] -- Using PYTHON_INCLUDE_DIRS: /usr/include/python3.10
[0.578s] -- Using PYTHON_LIBRARIES: /usr/lib/x86_64-linux-gnu/libpython3.10.so
[0.597s] -- Found PythonExtra: .so  
[0.602s] -- Found ament_cmake_pytest: 1.3.10 (/opt/ros/humble/share/ament_cmake_pytest/cmake)
[0.655s] -- Configuring done
[0.656s] -- Generating done
[0.657s] -- Build files have been written to: /home/wx_pc/Desktop/ur_sim/build/ur_simulation_gz
[0.661s] Invoked command in '/home/wx_pc/Desktop/ur_sim/build/ur_simulation_gz' returned '0': CMAKE_PREFIX_PATH=${CMAKE_PREFIX_PATH}:/home/wx_pc/ws_moveit2/install/moveit_configs_utils:/home/wx_pc/ws_moveit2/install/launch_param_builder:/opt/ros/humble /usr/bin/cmake /home/wx_pc/Desktop/ur_sim/src/Universal_Robots_ROS2_GZ_Simulation/ur_simulation_gz -DCMAKE_INSTALL_PREFIX=/home/wx_pc/Desktop/ur_sim/install/ur_simulation_gz
[0.663s] Invoking command in '/home/wx_pc/Desktop/ur_sim/build/ur_simulation_gz': CMAKE_PREFIX_PATH=${CMAKE_PREFIX_PATH}:/home/wx_pc/ws_moveit2/install/moveit_configs_utils:/home/wx_pc/ws_moveit2/install/launch_param_builder:/opt/ros/humble /usr/bin/cmake --build /home/wx_pc/Desktop/ur_sim/build/ur_simulation_gz -- -j16 -l16
[0.700s] Invoked command in '/home/wx_pc/Desktop/ur_sim/build/ur_simulation_gz' returned '0': CMAKE_PREFIX_PATH=${CMAKE_PREFIX_PATH}:/home/wx_pc/ws_moveit2/install/moveit_configs_utils:/home/wx_pc/ws_moveit2/install/launch_param_builder:/opt/ros/humble /usr/bin/cmake --build /home/wx_pc/Desktop/ur_sim/build/ur_simulation_gz -- -j16 -l16
[0.733s] Invoking command in '/home/wx_pc/Desktop/ur_sim/build/ur_simulation_gz': CMAKE_PREFIX_PATH=${CMAKE_PREFIX_PATH}:/home/wx_pc/ws_moveit2/install/moveit_configs_utils:/home/wx_pc/ws_moveit2/install/launch_param_builder:/opt/ros/humble /usr/bin/cmake --install /home/wx_pc/Desktop/ur_sim/build/ur_simulation_gz
[0.741s] -- Install configuration: ""
[0.741s] -- Installing: /home/wx_pc/Desktop/ur_sim/install/ur_simulation_gz/share/ur_simulation_gz/config
[0.741s] -- Installing: /home/wx_pc/Desktop/ur_sim/install/ur_simulation_gz/share/ur_simulation_gz/config/ur_controllers.yaml
[0.741s] -- Installing: /home/wx_pc/Desktop/ur_sim/install/ur_simulation_gz/share/ur_simulation_gz/launch
[0.741s] -- Installing: /home/wx_pc/Desktop/ur_sim/install/ur_simulation_gz/share/ur_simulation_gz/launch/ur_sim_moveit.launch.py
[0.742s] -- Installing: /home/wx_pc/Desktop/ur_sim/install/ur_simulation_gz/share/ur_simulation_gz/launch/ur_sim_control.launch.py
[0.742s] -- Installing: /home/wx_pc/Desktop/ur_sim/install/ur_simulation_gz/share/ament_index/resource_index/package_run_dependencies/ur_simulation_gz
[0.742s] -- Installing: /home/wx_pc/Desktop/ur_sim/install/ur_simulation_gz/share/ament_index/resource_index/parent_prefix_path/ur_simulation_gz
[0.742s] -- Installing: /home/wx_pc/Desktop/ur_sim/install/ur_simulation_gz/share/ur_simulation_gz/environment/ament_prefix_path.sh
[0.742s] -- Installing: /home/wx_pc/Desktop/ur_sim/install/ur_simulation_gz/share/ur_simulation_gz/environment/ament_prefix_path.dsv
[0.742s] -- Installing: /home/wx_pc/Desktop/ur_sim/install/ur_simulation_gz/share/ur_simulation_gz/environment/path.sh
[0.742s] -- Installing: /home/wx_pc/Desktop/ur_sim/install/ur_simulation_gz/share/ur_simulation_gz/environment/path.dsv
[0.742s] -- Installing: /home/wx_pc/Desktop/ur_sim/install/ur_simulation_gz/share/ur_simulation_gz/local_setup.bash
[0.742s] -- Installing: /home/wx_pc/Desktop/ur_sim/install/ur_simulation_gz/share/ur_simulation_gz/local_setup.sh
[0.742s] -- Installing: /home/wx_pc/Desktop/ur_sim/install/ur_simulation_gz/share/ur_simulation_gz/local_setup.zsh
[0.742s] -- Installing: /home/wx_pc/Desktop/ur_sim/install/ur_simulation_gz/share/ur_simulation_gz/local_setup.dsv
[0.743s] -- Installing: /home/wx_pc/Desktop/ur_sim/install/ur_simulation_gz/share/ur_simulation_gz/package.dsv
[0.743s] -- Installing: /home/wx_pc/Desktop/ur_sim/install/ur_simulation_gz/share/ament_index/resource_index/packages/ur_simulation_gz
[0.743s] -- Installing: /home/wx_pc/Desktop/ur_sim/install/ur_simulation_gz/share/ur_simulation_gz/cmake/ur_simulation_gzConfig.cmake
[0.743s] -- Installing: /home/wx_pc/Desktop/ur_sim/install/ur_simulation_gz/share/ur_simulation_gz/cmake/ur_simulation_gzConfig-version.cmake
[0.743s] -- Installing: /home/wx_pc/Desktop/ur_sim/install/ur_simulation_gz/share/ur_simulation_gz/package.xml
[0.744s] Invoked command in '/home/wx_pc/Desktop/ur_sim/build/ur_simulation_gz' returned '0': CMAKE_PREFIX_PATH=${CMAKE_PREFIX_PATH}:/home/wx_pc/ws_moveit2/install/moveit_configs_utils:/home/wx_pc/ws_moveit2/install/launch_param_builder:/opt/ros/humble /usr/bin/cmake --install /home/wx_pc/Desktop/ur_sim/build/ur_simulation_gz
