[0.098s] DEBUG:colcon:Command line arguments: ['/usr/bin/colcon', 'build']
[0.098s] DEBUG:colcon:Parsed command line arguments: Namespace(log_base=None, log_level=None, verb_name='build', build_base='build', install_base='install', merge_install=False, symlink_install=False, test_result_base=None, continue_on_error=False, executor='parallel', parallel_workers=16, event_handlers=None, ignore_user_meta=False, metas=['./colcon.meta'], base_paths=['.'], packages_ignore=None, packages_ignore_regex=None, paths=None, packages_up_to=None, packages_up_to_regex=None, packages_above=None, packages_above_and_dependencies=None, packages_above_depth=None, packages_select_by_dep=None, packages_skip_by_dep=None, packages_skip_up_to=None, packages_select_build_failed=False, packages_skip_build_finished=False, packages_select_test_failures=False, packages_skip_test_passed=False, packages_select=None, packages_skip=None, packages_select_regex=None, packages_skip_regex=None, packages_start=None, packages_end=None, allow_overriding=[], cmake_args=None, cmake_target=None, cmake_target_skip_unavailable=False, cmake_clean_cache=False, cmake_clean_first=False, cmake_force_configure=False, ament_cmake_args=None, catkin_cmake_args=None, catkin_skip_building_tests=False, mixin_files=None, mixin=None, verb_parser=<colcon_mixin.mixin.mixin_argument.MixinArgumentDecorator object at 0x7feedd670100>, verb_extension=<colcon_core.verb.build.BuildVerb object at 0x7feedd633a90>, main=<bound method BuildVerb.main of <colcon_core.verb.build.BuildVerb object at 0x7feedd633a90>>, mixin_verb=('build',))
[0.264s] Level 1:colcon.colcon_core.package_discovery:discover_packages(colcon_meta) check parameters
[0.264s] Level 1:colcon.colcon_core.package_discovery:discover_packages(recursive) check parameters
[0.264s] Level 1:colcon.colcon_core.package_discovery:discover_packages(ignore) check parameters
[0.264s] Level 1:colcon.colcon_core.package_discovery:discover_packages(path) check parameters
[0.264s] Level 1:colcon.colcon_core.package_discovery:discover_packages(colcon_meta) discover
[0.264s] Level 1:colcon.colcon_core.package_discovery:discover_packages(recursive) discover
[0.264s] INFO:colcon.colcon_core.package_discovery:Crawling recursively for packages in '/home/wx_pc/Desktop/ur_sim'
[0.264s] Level 1:colcon.colcon_core.package_identification:_identify(.) by extensions ['ignore', 'ignore_ament_install']
[0.264s] Level 1:colcon.colcon_core.package_identification:_identify(.) by extension 'ignore'
[0.264s] Level 1:colcon.colcon_core.package_identification:_identify(.) by extension 'ignore_ament_install'
[0.264s] Level 1:colcon.colcon_core.package_identification:_identify(.) by extensions ['colcon_pkg']
[0.264s] Level 1:colcon.colcon_core.package_identification:_identify(.) by extension 'colcon_pkg'
[0.264s] Level 1:colcon.colcon_core.package_identification:_identify(.) by extensions ['colcon_meta']
[0.264s] Level 1:colcon.colcon_core.package_identification:_identify(.) by extension 'colcon_meta'
[0.264s] Level 1:colcon.colcon_core.package_identification:_identify(.) by extensions ['ros']
[0.265s] Level 1:colcon.colcon_core.package_identification:_identify(.) by extension 'ros'
[0.279s] Level 1:colcon.colcon_core.package_identification:_identify(.) by extensions ['cmake', 'python']
[0.279s] Level 1:colcon.colcon_core.package_identification:_identify(.) by extension 'cmake'
[0.279s] Level 1:colcon.colcon_core.package_identification:_identify(.) by extension 'python'
[0.279s] Level 1:colcon.colcon_core.package_identification:_identify(.) by extensions ['python_setup_py']
[0.279s] Level 1:colcon.colcon_core.package_identification:_identify(.) by extension 'python_setup_py'
[0.279s] Level 1:colcon.colcon_core.package_identification:_identify(build) by extensions ['ignore', 'ignore_ament_install']
[0.279s] Level 1:colcon.colcon_core.package_identification:_identify(build) by extension 'ignore'
[0.279s] Level 1:colcon.colcon_core.package_identification:_identify(build) ignored
[0.279s] Level 1:colcon.colcon_core.package_identification:_identify(install) by extensions ['ignore', 'ignore_ament_install']
[0.279s] Level 1:colcon.colcon_core.package_identification:_identify(install) by extension 'ignore'
[0.279s] Level 1:colcon.colcon_core.package_identification:_identify(install) ignored
[0.279s] Level 1:colcon.colcon_core.package_identification:_identify(log) by extensions ['ignore', 'ignore_ament_install']
[0.279s] Level 1:colcon.colcon_core.package_identification:_identify(log) by extension 'ignore'
[0.279s] Level 1:colcon.colcon_core.package_identification:_identify(log) ignored
[0.279s] Level 1:colcon.colcon_core.package_identification:_identify(src) by extensions ['ignore', 'ignore_ament_install']
[0.279s] Level 1:colcon.colcon_core.package_identification:_identify(src) by extension 'ignore'
[0.279s] Level 1:colcon.colcon_core.package_identification:_identify(src) by extension 'ignore_ament_install'
[0.280s] Level 1:colcon.colcon_core.package_identification:_identify(src) by extensions ['colcon_pkg']
[0.280s] Level 1:colcon.colcon_core.package_identification:_identify(src) by extension 'colcon_pkg'
[0.280s] Level 1:colcon.colcon_core.package_identification:_identify(src) by extensions ['colcon_meta']
[0.280s] Level 1:colcon.colcon_core.package_identification:_identify(src) by extension 'colcon_meta'
[0.280s] Level 1:colcon.colcon_core.package_identification:_identify(src) by extensions ['ros']
[0.280s] Level 1:colcon.colcon_core.package_identification:_identify(src) by extension 'ros'
[0.280s] Level 1:colcon.colcon_core.package_identification:_identify(src) by extensions ['cmake', 'python']
[0.280s] Level 1:colcon.colcon_core.package_identification:_identify(src) by extension 'cmake'
[0.280s] Level 1:colcon.colcon_core.package_identification:_identify(src) by extension 'python'
[0.280s] Level 1:colcon.colcon_core.package_identification:_identify(src) by extensions ['python_setup_py']
[0.280s] Level 1:colcon.colcon_core.package_identification:_identify(src) by extension 'python_setup_py'
[0.280s] Level 1:colcon.colcon_core.package_identification:_identify(src/Universal_Robots_ROS2_GZ_Simulation) by extensions ['ignore', 'ignore_ament_install']
[0.280s] Level 1:colcon.colcon_core.package_identification:_identify(src/Universal_Robots_ROS2_GZ_Simulation) by extension 'ignore'
[0.280s] Level 1:colcon.colcon_core.package_identification:_identify(src/Universal_Robots_ROS2_GZ_Simulation) by extension 'ignore_ament_install'
[0.280s] Level 1:colcon.colcon_core.package_identification:_identify(src/Universal_Robots_ROS2_GZ_Simulation) by extensions ['colcon_pkg']
[0.280s] Level 1:colcon.colcon_core.package_identification:_identify(src/Universal_Robots_ROS2_GZ_Simulation) by extension 'colcon_pkg'
[0.280s] Level 1:colcon.colcon_core.package_identification:_identify(src/Universal_Robots_ROS2_GZ_Simulation) by extensions ['colcon_meta']
[0.280s] Level 1:colcon.colcon_core.package_identification:_identify(src/Universal_Robots_ROS2_GZ_Simulation) by extension 'colcon_meta'
[0.280s] Level 1:colcon.colcon_core.package_identification:_identify(src/Universal_Robots_ROS2_GZ_Simulation) by extensions ['ros']
[0.280s] Level 1:colcon.colcon_core.package_identification:_identify(src/Universal_Robots_ROS2_GZ_Simulation) by extension 'ros'
[0.280s] Level 1:colcon.colcon_core.package_identification:_identify(src/Universal_Robots_ROS2_GZ_Simulation) by extensions ['cmake', 'python']
[0.280s] Level 1:colcon.colcon_core.package_identification:_identify(src/Universal_Robots_ROS2_GZ_Simulation) by extension 'cmake'
[0.280s] Level 1:colcon.colcon_core.package_identification:_identify(src/Universal_Robots_ROS2_GZ_Simulation) by extension 'python'
[0.280s] Level 1:colcon.colcon_core.package_identification:_identify(src/Universal_Robots_ROS2_GZ_Simulation) by extensions ['python_setup_py']
[0.280s] Level 1:colcon.colcon_core.package_identification:_identify(src/Universal_Robots_ROS2_GZ_Simulation) by extension 'python_setup_py'
[0.281s] Level 1:colcon.colcon_core.package_identification:_identify(src/Universal_Robots_ROS2_GZ_Simulation/ur_simulation_gz) by extensions ['ignore', 'ignore_ament_install']
[0.281s] Level 1:colcon.colcon_core.package_identification:_identify(src/Universal_Robots_ROS2_GZ_Simulation/ur_simulation_gz) by extension 'ignore'
[0.281s] Level 1:colcon.colcon_core.package_identification:_identify(src/Universal_Robots_ROS2_GZ_Simulation/ur_simulation_gz) by extension 'ignore_ament_install'
[0.281s] Level 1:colcon.colcon_core.package_identification:_identify(src/Universal_Robots_ROS2_GZ_Simulation/ur_simulation_gz) by extensions ['colcon_pkg']
[0.281s] Level 1:colcon.colcon_core.package_identification:_identify(src/Universal_Robots_ROS2_GZ_Simulation/ur_simulation_gz) by extension 'colcon_pkg'
[0.281s] Level 1:colcon.colcon_core.package_identification:_identify(src/Universal_Robots_ROS2_GZ_Simulation/ur_simulation_gz) by extensions ['colcon_meta']
[0.281s] Level 1:colcon.colcon_core.package_identification:_identify(src/Universal_Robots_ROS2_GZ_Simulation/ur_simulation_gz) by extension 'colcon_meta'
[0.281s] Level 1:colcon.colcon_core.package_identification:_identify(src/Universal_Robots_ROS2_GZ_Simulation/ur_simulation_gz) by extensions ['ros']
[0.281s] Level 1:colcon.colcon_core.package_identification:_identify(src/Universal_Robots_ROS2_GZ_Simulation/ur_simulation_gz) by extension 'ros'
[0.283s] DEBUG:colcon.colcon_core.package_identification:Package 'src/Universal_Robots_ROS2_GZ_Simulation/ur_simulation_gz' with type 'ros.ament_cmake' and name 'ur_simulation_gz'
[0.283s] Level 1:colcon.colcon_core.package_identification:_identify(src/hello_moveit) by extensions ['ignore', 'ignore_ament_install']
[0.283s] Level 1:colcon.colcon_core.package_identification:_identify(src/hello_moveit) by extension 'ignore'
[0.283s] Level 1:colcon.colcon_core.package_identification:_identify(src/hello_moveit) by extension 'ignore_ament_install'
[0.283s] Level 1:colcon.colcon_core.package_identification:_identify(src/hello_moveit) by extensions ['colcon_pkg']
[0.283s] Level 1:colcon.colcon_core.package_identification:_identify(src/hello_moveit) by extension 'colcon_pkg'
[0.284s] Level 1:colcon.colcon_core.package_identification:_identify(src/hello_moveit) by extensions ['colcon_meta']
[0.284s] Level 1:colcon.colcon_core.package_identification:_identify(src/hello_moveit) by extension 'colcon_meta'
[0.284s] Level 1:colcon.colcon_core.package_identification:_identify(src/hello_moveit) by extensions ['ros']
[0.284s] Level 1:colcon.colcon_core.package_identification:_identify(src/hello_moveit) by extension 'ros'
[0.284s] DEBUG:colcon.colcon_core.package_identification:Package 'src/hello_moveit' with type 'ros.ament_cmake' and name 'hello_moveit'
[0.284s] Level 1:colcon.colcon_core.package_discovery:discover_packages(recursive) using defaults
[0.284s] Level 1:colcon.colcon_core.package_discovery:discover_packages(ignore) discover
[0.284s] Level 1:colcon.colcon_core.package_discovery:discover_packages(ignore) using defaults
[0.284s] Level 1:colcon.colcon_core.package_discovery:discover_packages(path) discover
[0.284s] Level 1:colcon.colcon_core.package_discovery:discover_packages(path) using defaults
[0.299s] Level 1:colcon.colcon_core.package_discovery:discover_packages(prefix_path) check parameters
[0.299s] Level 1:colcon.colcon_core.package_discovery:discover_packages(prefix_path) discover
[0.302s] DEBUG:colcon.colcon_installed_package_information.package_discovery:Found 2 installed packages in /home/wx_pc/Desktop/ur_sim/install
[0.303s] DEBUG:colcon.colcon_installed_package_information.package_discovery:Found 55 installed packages in /home/wx_pc/ws_moveit2/install
[0.304s] DEBUG:colcon.colcon_installed_package_information.package_discovery:Found 408 installed packages in /opt/ros/humble
[0.308s] Level 1:colcon.colcon_core.package_discovery:discover_packages(prefix_path) using defaults
[0.351s] Level 5:colcon.colcon_core.verb:set package 'hello_moveit' build argument 'cmake_args' from command line to 'None'
[0.351s] Level 5:colcon.colcon_core.verb:set package 'hello_moveit' build argument 'cmake_target' from command line to 'None'
[0.351s] Level 5:colcon.colcon_core.verb:set package 'hello_moveit' build argument 'cmake_target_skip_unavailable' from command line to 'False'
[0.351s] Level 5:colcon.colcon_core.verb:set package 'hello_moveit' build argument 'cmake_clean_cache' from command line to 'False'
[0.351s] Level 5:colcon.colcon_core.verb:set package 'hello_moveit' build argument 'cmake_clean_first' from command line to 'False'
[0.351s] Level 5:colcon.colcon_core.verb:set package 'hello_moveit' build argument 'cmake_force_configure' from command line to 'False'
[0.351s] Level 5:colcon.colcon_core.verb:set package 'hello_moveit' build argument 'ament_cmake_args' from command line to 'None'
[0.351s] Level 5:colcon.colcon_core.verb:set package 'hello_moveit' build argument 'catkin_cmake_args' from command line to 'None'
[0.351s] Level 5:colcon.colcon_core.verb:set package 'hello_moveit' build argument 'catkin_skip_building_tests' from command line to 'False'
[0.351s] DEBUG:colcon.colcon_core.verb:Building package 'hello_moveit' with the following arguments: {'ament_cmake_args': None, 'build_base': '/home/wx_pc/Desktop/ur_sim/build/hello_moveit', 'catkin_cmake_args': None, 'catkin_skip_building_tests': False, 'cmake_args': None, 'cmake_clean_cache': False, 'cmake_clean_first': False, 'cmake_force_configure': False, 'cmake_target': None, 'cmake_target_skip_unavailable': False, 'install_base': '/home/wx_pc/Desktop/ur_sim/install/hello_moveit', 'merge_install': False, 'path': '/home/wx_pc/Desktop/ur_sim/src/hello_moveit', 'symlink_install': False, 'test_result_base': None}
[0.351s] Level 5:colcon.colcon_core.verb:set package 'ur_simulation_gz' build argument 'cmake_args' from command line to 'None'
[0.351s] Level 5:colcon.colcon_core.verb:set package 'ur_simulation_gz' build argument 'cmake_target' from command line to 'None'
[0.351s] Level 5:colcon.colcon_core.verb:set package 'ur_simulation_gz' build argument 'cmake_target_skip_unavailable' from command line to 'False'
[0.351s] Level 5:colcon.colcon_core.verb:set package 'ur_simulation_gz' build argument 'cmake_clean_cache' from command line to 'False'
[0.351s] Level 5:colcon.colcon_core.verb:set package 'ur_simulation_gz' build argument 'cmake_clean_first' from command line to 'False'
[0.352s] Level 5:colcon.colcon_core.verb:set package 'ur_simulation_gz' build argument 'cmake_force_configure' from command line to 'False'
[0.352s] Level 5:colcon.colcon_core.verb:set package 'ur_simulation_gz' build argument 'ament_cmake_args' from command line to 'None'
[0.352s] Level 5:colcon.colcon_core.verb:set package 'ur_simulation_gz' build argument 'catkin_cmake_args' from command line to 'None'
[0.352s] Level 5:colcon.colcon_core.verb:set package 'ur_simulation_gz' build argument 'catkin_skip_building_tests' from command line to 'False'
[0.352s] DEBUG:colcon.colcon_core.verb:Building package 'ur_simulation_gz' with the following arguments: {'ament_cmake_args': None, 'build_base': '/home/wx_pc/Desktop/ur_sim/build/ur_simulation_gz', 'catkin_cmake_args': None, 'catkin_skip_building_tests': False, 'cmake_args': None, 'cmake_clean_cache': False, 'cmake_clean_first': False, 'cmake_force_configure': False, 'cmake_target': None, 'cmake_target_skip_unavailable': False, 'install_base': '/home/wx_pc/Desktop/ur_sim/install/ur_simulation_gz', 'merge_install': False, 'path': '/home/wx_pc/Desktop/ur_sim/src/Universal_Robots_ROS2_GZ_Simulation/ur_simulation_gz', 'symlink_install': False, 'test_result_base': None}
[0.352s] INFO:colcon.colcon_core.executor:Executing jobs using 'parallel' executor
[0.352s] DEBUG:colcon.colcon_parallel_executor.executor.parallel:run_until_complete
[0.353s] INFO:colcon.colcon_ros.task.ament_cmake.build:Building ROS package in '/home/wx_pc/Desktop/ur_sim/src/hello_moveit' with build type 'ament_cmake'
[0.353s] INFO:colcon.colcon_cmake.task.cmake.build:Building CMake package in '/home/wx_pc/Desktop/ur_sim/src/hello_moveit'
[0.354s] INFO:colcon.colcon_core.plugin_system:Skipping extension 'colcon_core.shell.bat': Not used on non-Windows systems
[0.354s] INFO:colcon.colcon_core.shell:Skip shell extension 'powershell' for command environment: Not usable outside of PowerShell
[0.354s] DEBUG:colcon.colcon_core.shell:Skip shell extension 'dsv' for command environment
[0.361s] INFO:colcon.colcon_ros.task.ament_cmake.build:Building ROS package in '/home/wx_pc/Desktop/ur_sim/src/Universal_Robots_ROS2_GZ_Simulation/ur_simulation_gz' with build type 'ament_cmake'
[0.361s] INFO:colcon.colcon_cmake.task.cmake.build:Building CMake package in '/home/wx_pc/Desktop/ur_sim/src/Universal_Robots_ROS2_GZ_Simulation/ur_simulation_gz'
[0.361s] INFO:colcon.colcon_core.shell:Skip shell extension 'powershell' for command environment: Not usable outside of PowerShell
[0.361s] DEBUG:colcon.colcon_core.shell:Skip shell extension 'dsv' for command environment
[0.407s] DEBUG:colcon.colcon_core.event_handler.log_command:Invoking command in '/home/wx_pc/Desktop/ur_sim/build/hello_moveit': CMAKE_PREFIX_PATH=${CMAKE_PREFIX_PATH}:/home/wx_pc/ws_moveit2/install/moveit_configs_utils:/home/wx_pc/ws_moveit2/install/launch_param_builder:/opt/ros/humble /usr/bin/cmake --build /home/wx_pc/Desktop/ur_sim/build/hello_moveit -- -j16 -l16
[0.435s] DEBUG:colcon.colcon_core.event_handler.log_command:Invoking command in '/home/wx_pc/Desktop/ur_sim/build/ur_simulation_gz': CMAKE_PREFIX_PATH=${CMAKE_PREFIX_PATH}:/home/wx_pc/ws_moveit2/install/moveit_configs_utils:/home/wx_pc/ws_moveit2/install/launch_param_builder:/opt/ros/humble /usr/bin/cmake --build /home/wx_pc/Desktop/ur_sim/build/ur_simulation_gz -- -j16 -l16
[0.473s] DEBUG:colcon.colcon_core.event_handler.log_command:Invoked command in '/home/wx_pc/Desktop/ur_sim/build/ur_simulation_gz' returned '0': CMAKE_PREFIX_PATH=${CMAKE_PREFIX_PATH}:/home/wx_pc/ws_moveit2/install/moveit_configs_utils:/home/wx_pc/ws_moveit2/install/launch_param_builder:/opt/ros/humble /usr/bin/cmake --build /home/wx_pc/Desktop/ur_sim/build/ur_simulation_gz -- -j16 -l16
[0.504s] DEBUG:colcon.colcon_core.event_handler.log_command:Invoking command in '/home/wx_pc/Desktop/ur_sim/build/ur_simulation_gz': CMAKE_PREFIX_PATH=${CMAKE_PREFIX_PATH}:/home/wx_pc/ws_moveit2/install/moveit_configs_utils:/home/wx_pc/ws_moveit2/install/launch_param_builder:/opt/ros/humble /usr/bin/cmake --install /home/wx_pc/Desktop/ur_sim/build/ur_simulation_gz
[0.514s] Level 1:colcon.colcon_core.environment:create_environment_scripts_only(ur_simulation_gz)
[0.514s] DEBUG:colcon.colcon_core.event_handler.log_command:Invoked command in '/home/wx_pc/Desktop/ur_sim/build/ur_simulation_gz' returned '0': CMAKE_PREFIX_PATH=${CMAKE_PREFIX_PATH}:/home/wx_pc/ws_moveit2/install/moveit_configs_utils:/home/wx_pc/ws_moveit2/install/launch_param_builder:/opt/ros/humble /usr/bin/cmake --install /home/wx_pc/Desktop/ur_sim/build/ur_simulation_gz
[0.516s] Level 1:colcon.colcon_core.environment:checking '/home/wx_pc/Desktop/ur_sim/install/ur_simulation_gz' for CMake module files
[0.516s] Level 1:colcon.colcon_core.environment:checking '/home/wx_pc/Desktop/ur_sim/install/ur_simulation_gz' for CMake config files
[0.516s] Level 1:colcon.colcon_core.shell:create_environment_hook('ur_simulation_gz', 'cmake_prefix_path')
[0.517s] INFO:colcon.colcon_core.shell:Creating environment hook '/home/wx_pc/Desktop/ur_sim/install/ur_simulation_gz/share/ur_simulation_gz/hook/cmake_prefix_path.ps1'
[0.517s] INFO:colcon.colcon_core.shell:Creating environment descriptor '/home/wx_pc/Desktop/ur_sim/install/ur_simulation_gz/share/ur_simulation_gz/hook/cmake_prefix_path.dsv'
[0.517s] INFO:colcon.colcon_core.shell:Creating environment hook '/home/wx_pc/Desktop/ur_sim/install/ur_simulation_gz/share/ur_simulation_gz/hook/cmake_prefix_path.sh'
[0.518s] Level 1:colcon.colcon_core.environment:checking '/home/wx_pc/Desktop/ur_sim/install/ur_simulation_gz/bin'
[0.518s] Level 1:colcon.colcon_core.environment:checking '/home/wx_pc/Desktop/ur_sim/install/ur_simulation_gz/lib/pkgconfig/ur_simulation_gz.pc'
[0.518s] Level 1:colcon.colcon_core.environment:checking '/home/wx_pc/Desktop/ur_sim/install/ur_simulation_gz/lib/python3.10/site-packages'
[0.518s] Level 1:colcon.colcon_core.environment:checking '/home/wx_pc/Desktop/ur_sim/install/ur_simulation_gz/bin'
[0.519s] INFO:colcon.colcon_core.shell:Creating package script '/home/wx_pc/Desktop/ur_sim/install/ur_simulation_gz/share/ur_simulation_gz/package.ps1'
[0.519s] INFO:colcon.colcon_core.shell:Creating package descriptor '/home/wx_pc/Desktop/ur_sim/install/ur_simulation_gz/share/ur_simulation_gz/package.dsv'
[0.519s] INFO:colcon.colcon_core.shell:Creating package script '/home/wx_pc/Desktop/ur_sim/install/ur_simulation_gz/share/ur_simulation_gz/package.sh'
[0.520s] INFO:colcon.colcon_core.shell:Creating package script '/home/wx_pc/Desktop/ur_sim/install/ur_simulation_gz/share/ur_simulation_gz/package.bash'
[0.521s] INFO:colcon.colcon_core.shell:Creating package script '/home/wx_pc/Desktop/ur_sim/install/ur_simulation_gz/share/ur_simulation_gz/package.zsh'
[0.521s] Level 1:colcon.colcon_core.environment:create_file_with_runtime_dependencies(/home/wx_pc/Desktop/ur_sim/install/ur_simulation_gz/share/colcon-core/packages/ur_simulation_gz)
[0.544s] Level 1:colcon.colcon_core.environment:create_environment_scripts_only(ur_simulation_gz)
[0.545s] Level 1:colcon.colcon_core.environment:checking '/home/wx_pc/Desktop/ur_sim/install/ur_simulation_gz' for CMake module files
[0.545s] Level 1:colcon.colcon_core.environment:checking '/home/wx_pc/Desktop/ur_sim/install/ur_simulation_gz' for CMake config files
[0.545s] Level 1:colcon.colcon_core.shell:create_environment_hook('ur_simulation_gz', 'cmake_prefix_path')
[0.545s] INFO:colcon.colcon_core.shell:Creating environment hook '/home/wx_pc/Desktop/ur_sim/install/ur_simulation_gz/share/ur_simulation_gz/hook/cmake_prefix_path.ps1'
[0.546s] INFO:colcon.colcon_core.shell:Creating environment descriptor '/home/wx_pc/Desktop/ur_sim/install/ur_simulation_gz/share/ur_simulation_gz/hook/cmake_prefix_path.dsv'
[0.546s] INFO:colcon.colcon_core.shell:Creating environment hook '/home/wx_pc/Desktop/ur_sim/install/ur_simulation_gz/share/ur_simulation_gz/hook/cmake_prefix_path.sh'
[0.546s] Level 1:colcon.colcon_core.environment:checking '/home/wx_pc/Desktop/ur_sim/install/ur_simulation_gz/bin'
[0.546s] Level 1:colcon.colcon_core.environment:checking '/home/wx_pc/Desktop/ur_sim/install/ur_simulation_gz/lib/pkgconfig/ur_simulation_gz.pc'
[0.546s] Level 1:colcon.colcon_core.environment:checking '/home/wx_pc/Desktop/ur_sim/install/ur_simulation_gz/lib/python3.10/site-packages'
[0.547s] Level 1:colcon.colcon_core.environment:checking '/home/wx_pc/Desktop/ur_sim/install/ur_simulation_gz/bin'
[0.547s] INFO:colcon.colcon_core.shell:Creating package script '/home/wx_pc/Desktop/ur_sim/install/ur_simulation_gz/share/ur_simulation_gz/package.ps1'
[0.547s] INFO:colcon.colcon_core.shell:Creating package descriptor '/home/wx_pc/Desktop/ur_sim/install/ur_simulation_gz/share/ur_simulation_gz/package.dsv'
[0.548s] INFO:colcon.colcon_core.shell:Creating package script '/home/wx_pc/Desktop/ur_sim/install/ur_simulation_gz/share/ur_simulation_gz/package.sh'
[0.548s] INFO:colcon.colcon_core.shell:Creating package script '/home/wx_pc/Desktop/ur_sim/install/ur_simulation_gz/share/ur_simulation_gz/package.bash'
[0.549s] INFO:colcon.colcon_core.shell:Creating package script '/home/wx_pc/Desktop/ur_sim/install/ur_simulation_gz/share/ur_simulation_gz/package.zsh'
[0.549s] Level 1:colcon.colcon_core.environment:create_file_with_runtime_dependencies(/home/wx_pc/Desktop/ur_sim/install/ur_simulation_gz/share/colcon-core/packages/ur_simulation_gz)
[6.542s] DEBUG:colcon.colcon_core.event_handler.log_command:Invoked command in '/home/wx_pc/Desktop/ur_sim/build/hello_moveit' returned '0': CMAKE_PREFIX_PATH=${CMAKE_PREFIX_PATH}:/home/wx_pc/ws_moveit2/install/moveit_configs_utils:/home/wx_pc/ws_moveit2/install/launch_param_builder:/opt/ros/humble /usr/bin/cmake --build /home/wx_pc/Desktop/ur_sim/build/hello_moveit -- -j16 -l16
[6.570s] DEBUG:colcon.colcon_core.event_handler.log_command:Invoking command in '/home/wx_pc/Desktop/ur_sim/build/hello_moveit': CMAKE_PREFIX_PATH=${CMAKE_PREFIX_PATH}:/home/wx_pc/ws_moveit2/install/moveit_configs_utils:/home/wx_pc/ws_moveit2/install/launch_param_builder:/opt/ros/humble /usr/bin/cmake --install /home/wx_pc/Desktop/ur_sim/build/hello_moveit
[6.581s] Level 1:colcon.colcon_core.environment:create_environment_scripts_only(hello_moveit)
[6.581s] Level 1:colcon.colcon_core.environment:checking '/home/wx_pc/Desktop/ur_sim/install/hello_moveit' for CMake module files
[6.581s] DEBUG:colcon.colcon_core.event_handler.log_command:Invoked command in '/home/wx_pc/Desktop/ur_sim/build/hello_moveit' returned '0': CMAKE_PREFIX_PATH=${CMAKE_PREFIX_PATH}:/home/wx_pc/ws_moveit2/install/moveit_configs_utils:/home/wx_pc/ws_moveit2/install/launch_param_builder:/opt/ros/humble /usr/bin/cmake --install /home/wx_pc/Desktop/ur_sim/build/hello_moveit
[6.582s] Level 1:colcon.colcon_core.environment:checking '/home/wx_pc/Desktop/ur_sim/install/hello_moveit' for CMake config files
[6.582s] Level 1:colcon.colcon_core.shell:create_environment_hook('hello_moveit', 'cmake_prefix_path')
[6.582s] INFO:colcon.colcon_core.shell:Creating environment hook '/home/wx_pc/Desktop/ur_sim/install/hello_moveit/share/hello_moveit/hook/cmake_prefix_path.ps1'
[6.583s] INFO:colcon.colcon_core.shell:Creating environment descriptor '/home/wx_pc/Desktop/ur_sim/install/hello_moveit/share/hello_moveit/hook/cmake_prefix_path.dsv'
[6.583s] INFO:colcon.colcon_core.shell:Creating environment hook '/home/wx_pc/Desktop/ur_sim/install/hello_moveit/share/hello_moveit/hook/cmake_prefix_path.sh'
[6.583s] Level 1:colcon.colcon_core.environment:checking '/home/wx_pc/Desktop/ur_sim/install/hello_moveit/lib'
[6.583s] Level 1:colcon.colcon_core.environment:checking '/home/wx_pc/Desktop/ur_sim/install/hello_moveit/bin'
[6.583s] Level 1:colcon.colcon_core.environment:checking '/home/wx_pc/Desktop/ur_sim/install/hello_moveit/lib/pkgconfig/hello_moveit.pc'
[6.584s] Level 1:colcon.colcon_core.environment:checking '/home/wx_pc/Desktop/ur_sim/install/hello_moveit/lib/python3.10/site-packages'
[6.584s] Level 1:colcon.colcon_core.environment:checking '/home/wx_pc/Desktop/ur_sim/install/hello_moveit/bin'
[6.584s] INFO:colcon.colcon_core.shell:Creating package script '/home/wx_pc/Desktop/ur_sim/install/hello_moveit/share/hello_moveit/package.ps1'
[6.584s] INFO:colcon.colcon_core.shell:Creating package descriptor '/home/wx_pc/Desktop/ur_sim/install/hello_moveit/share/hello_moveit/package.dsv'
[6.585s] INFO:colcon.colcon_core.shell:Creating package script '/home/wx_pc/Desktop/ur_sim/install/hello_moveit/share/hello_moveit/package.sh'
[6.585s] INFO:colcon.colcon_core.shell:Creating package script '/home/wx_pc/Desktop/ur_sim/install/hello_moveit/share/hello_moveit/package.bash'
[6.585s] INFO:colcon.colcon_core.shell:Creating package script '/home/wx_pc/Desktop/ur_sim/install/hello_moveit/share/hello_moveit/package.zsh'
[6.585s] Level 1:colcon.colcon_core.environment:create_file_with_runtime_dependencies(/home/wx_pc/Desktop/ur_sim/install/hello_moveit/share/colcon-core/packages/hello_moveit)
[6.614s] Level 1:colcon.colcon_core.environment:create_environment_scripts_only(hello_moveit)
[6.614s] Level 1:colcon.colcon_core.environment:checking '/home/wx_pc/Desktop/ur_sim/install/hello_moveit' for CMake module files
[6.615s] Level 1:colcon.colcon_core.environment:checking '/home/wx_pc/Desktop/ur_sim/install/hello_moveit' for CMake config files
[6.615s] Level 1:colcon.colcon_core.shell:create_environment_hook('hello_moveit', 'cmake_prefix_path')
[6.615s] INFO:colcon.colcon_core.shell:Creating environment hook '/home/wx_pc/Desktop/ur_sim/install/hello_moveit/share/hello_moveit/hook/cmake_prefix_path.ps1'
[6.616s] INFO:colcon.colcon_core.shell:Creating environment descriptor '/home/wx_pc/Desktop/ur_sim/install/hello_moveit/share/hello_moveit/hook/cmake_prefix_path.dsv'
[6.616s] INFO:colcon.colcon_core.shell:Creating environment hook '/home/wx_pc/Desktop/ur_sim/install/hello_moveit/share/hello_moveit/hook/cmake_prefix_path.sh'
[6.616s] Level 1:colcon.colcon_core.environment:checking '/home/wx_pc/Desktop/ur_sim/install/hello_moveit/lib'
[6.616s] Level 1:colcon.colcon_core.environment:checking '/home/wx_pc/Desktop/ur_sim/install/hello_moveit/bin'
[6.616s] Level 1:colcon.colcon_core.environment:checking '/home/wx_pc/Desktop/ur_sim/install/hello_moveit/lib/pkgconfig/hello_moveit.pc'
[6.617s] Level 1:colcon.colcon_core.environment:checking '/home/wx_pc/Desktop/ur_sim/install/hello_moveit/lib/python3.10/site-packages'
[6.617s] Level 1:colcon.colcon_core.environment:checking '/home/wx_pc/Desktop/ur_sim/install/hello_moveit/bin'
[6.617s] INFO:colcon.colcon_core.shell:Creating package script '/home/wx_pc/Desktop/ur_sim/install/hello_moveit/share/hello_moveit/package.ps1'
[6.617s] INFO:colcon.colcon_core.shell:Creating package descriptor '/home/wx_pc/Desktop/ur_sim/install/hello_moveit/share/hello_moveit/package.dsv'
[6.618s] INFO:colcon.colcon_core.shell:Creating package script '/home/wx_pc/Desktop/ur_sim/install/hello_moveit/share/hello_moveit/package.sh'
[6.618s] INFO:colcon.colcon_core.shell:Creating package script '/home/wx_pc/Desktop/ur_sim/install/hello_moveit/share/hello_moveit/package.bash'
[6.618s] INFO:colcon.colcon_core.shell:Creating package script '/home/wx_pc/Desktop/ur_sim/install/hello_moveit/share/hello_moveit/package.zsh'
[6.619s] Level 1:colcon.colcon_core.environment:create_file_with_runtime_dependencies(/home/wx_pc/Desktop/ur_sim/install/hello_moveit/share/colcon-core/packages/hello_moveit)
[6.619s] DEBUG:colcon.colcon_parallel_executor.executor.parallel:closing loop
[6.619s] DEBUG:colcon.colcon_parallel_executor.executor.parallel:loop closed
[6.619s] DEBUG:colcon.colcon_parallel_executor.executor.parallel:run_until_complete finished with '0'
[6.619s] DEBUG:colcon.colcon_core.event_reactor:joining thread
[6.623s] INFO:colcon.colcon_core.plugin_system:Skipping extension 'colcon_notification.desktop_notification.terminal_notifier': Not used on non-Darwin systems
[6.623s] INFO:colcon.colcon_core.plugin_system:Skipping extension 'colcon_notification.desktop_notification.win32': Not used on non-Windows systems
[6.623s] INFO:colcon.colcon_notification.desktop_notification:Sending desktop notification using 'notify2'
[6.632s] DEBUG:colcon.colcon_core.event_reactor:joined thread
[6.633s] INFO:colcon.colcon_core.shell:Creating prefix script '/home/wx_pc/Desktop/ur_sim/install/local_setup.ps1'
[6.634s] INFO:colcon.colcon_core.shell:Creating prefix util module '/home/wx_pc/Desktop/ur_sim/install/_local_setup_util_ps1.py'
[6.635s] INFO:colcon.colcon_core.shell:Creating prefix chain script '/home/wx_pc/Desktop/ur_sim/install/setup.ps1'
[6.637s] INFO:colcon.colcon_core.shell:Creating prefix script '/home/wx_pc/Desktop/ur_sim/install/local_setup.sh'
[6.638s] INFO:colcon.colcon_core.shell:Creating prefix util module '/home/wx_pc/Desktop/ur_sim/install/_local_setup_util_sh.py'
[6.638s] INFO:colcon.colcon_core.shell:Creating prefix chain script '/home/wx_pc/Desktop/ur_sim/install/setup.sh'
[6.640s] INFO:colcon.colcon_core.shell:Creating prefix script '/home/wx_pc/Desktop/ur_sim/install/local_setup.bash'
[6.641s] INFO:colcon.colcon_core.shell:Creating prefix chain script '/home/wx_pc/Desktop/ur_sim/install/setup.bash'
[6.643s] INFO:colcon.colcon_core.shell:Creating prefix script '/home/wx_pc/Desktop/ur_sim/install/local_setup.zsh'
[6.643s] INFO:colcon.colcon_core.shell:Creating prefix chain script '/home/wx_pc/Desktop/ur_sim/install/setup.zsh'
