[0.074s] Invoking command in '/home/wx_pc/Desktop/ur_sim/build/ur_simulation_gz': CMAKE_PREFIX_PATH=${CMAKE_PREFIX_PATH}:/home/wx_pc/ws_moveit2/install/moveit_configs_utils:/home/wx_pc/ws_moveit2/install/launch_param_builder:/opt/ros/humble /usr/bin/cmake --build /home/wx_pc/Desktop/ur_sim/build/ur_simulation_gz -- -j16 -l16
[0.111s] Invoked command in '/home/wx_pc/Desktop/ur_sim/build/ur_simulation_gz' returned '0': CMAKE_PREFIX_PATH=${CMAKE_PREFIX_PATH}:/home/wx_pc/ws_moveit2/install/moveit_configs_utils:/home/wx_pc/ws_moveit2/install/launch_param_builder:/opt/ros/humble /usr/bin/cmake --build /home/wx_pc/Desktop/ur_sim/build/ur_simulation_gz -- -j16 -l16
[0.143s] Invoking command in '/home/wx_pc/Desktop/ur_sim/build/ur_simulation_gz': CMAKE_PREFIX_PATH=${CMAKE_PREFIX_PATH}:/home/wx_pc/ws_moveit2/install/moveit_configs_utils:/home/wx_pc/ws_moveit2/install/launch_param_builder:/opt/ros/humble /usr/bin/cmake --install /home/wx_pc/Desktop/ur_sim/build/ur_simulation_gz
[0.151s] -- Install configuration: ""
[0.151s] -- Up-to-date: /home/wx_pc/Desktop/ur_sim/install/ur_simulation_gz/share/ur_simulation_gz/config
[0.151s] -- Up-to-date: /home/wx_pc/Desktop/ur_sim/install/ur_simulation_gz/share/ur_simulation_gz/config/ur_controllers.yaml
[0.151s] -- Up-to-date: /home/wx_pc/Desktop/ur_sim/install/ur_simulation_gz/share/ur_simulation_gz/launch
[0.151s] -- Up-to-date: /home/wx_pc/Desktop/ur_sim/install/ur_simulation_gz/share/ur_simulation_gz/launch/ur_sim_moveit.launch.py
[0.151s] -- Up-to-date: /home/wx_pc/Desktop/ur_sim/install/ur_simulation_gz/share/ur_simulation_gz/launch/ur_sim_control.launch.py
[0.151s] -- Up-to-date: /home/wx_pc/Desktop/ur_sim/install/ur_simulation_gz/share/ament_index/resource_index/package_run_dependencies/ur_simulation_gz
[0.152s] -- Up-to-date: /home/wx_pc/Desktop/ur_sim/install/ur_simulation_gz/share/ament_index/resource_index/parent_prefix_path/ur_simulation_gz
[0.152s] -- Up-to-date: /home/wx_pc/Desktop/ur_sim/install/ur_simulation_gz/share/ur_simulation_gz/environment/ament_prefix_path.sh
[0.152s] -- Up-to-date: /home/wx_pc/Desktop/ur_sim/install/ur_simulation_gz/share/ur_simulation_gz/environment/ament_prefix_path.dsv
[0.152s] -- Up-to-date: /home/wx_pc/Desktop/ur_sim/install/ur_simulation_gz/share/ur_simulation_gz/environment/path.sh
[0.152s] -- Up-to-date: /home/wx_pc/Desktop/ur_sim/install/ur_simulation_gz/share/ur_simulation_gz/environment/path.dsv
[0.152s] -- Up-to-date: /home/wx_pc/Desktop/ur_sim/install/ur_simulation_gz/share/ur_simulation_gz/local_setup.bash
[0.152s] -- Up-to-date: /home/wx_pc/Desktop/ur_sim/install/ur_simulation_gz/share/ur_simulation_gz/local_setup.sh
[0.152s] -- Up-to-date: /home/wx_pc/Desktop/ur_sim/install/ur_simulation_gz/share/ur_simulation_gz/local_setup.zsh
[0.152s] -- Up-to-date: /home/wx_pc/Desktop/ur_sim/install/ur_simulation_gz/share/ur_simulation_gz/local_setup.dsv
[0.152s] -- Installing: /home/wx_pc/Desktop/ur_sim/install/ur_simulation_gz/share/ur_simulation_gz/package.dsv
[0.152s] -- Up-to-date: /home/wx_pc/Desktop/ur_sim/install/ur_simulation_gz/share/ament_index/resource_index/packages/ur_simulation_gz
[0.152s] -- Up-to-date: /home/wx_pc/Desktop/ur_sim/install/ur_simulation_gz/share/ur_simulation_gz/cmake/ur_simulation_gzConfig.cmake
[0.152s] -- Up-to-date: /home/wx_pc/Desktop/ur_sim/install/ur_simulation_gz/share/ur_simulation_gz/cmake/ur_simulation_gzConfig-version.cmake
[0.152s] -- Up-to-date: /home/wx_pc/Desktop/ur_sim/install/ur_simulation_gz/share/ur_simulation_gz/package.xml
[0.153s] Invoked command in '/home/wx_pc/Desktop/ur_sim/build/ur_simulation_gz' returned '0': CMAKE_PREFIX_PATH=${CMAKE_PREFIX_PATH}:/home/wx_pc/ws_moveit2/install/moveit_configs_utils:/home/wx_pc/ws_moveit2/install/launch_param_builder:/opt/ros/humble /usr/bin/cmake --install /home/wx_pc/Desktop/ur_sim/build/ur_simulation_gz
