[0.054s] Invoking command in '/home/wx_pc/Desktop/ur_sim/build/hello_moveit': CMAKE_PREFIX_PATH=${CMAKE_PREFIX_PATH}:/home/wx_pc/ws_moveit2/install/moveit_configs_utils:/home/wx_pc/ws_moveit2/install/launch_param_builder:/opt/ros/humble /usr/bin/cmake --build /home/wx_pc/Desktop/ur_sim/build/hello_moveit -- -j16 -l16
[0.161s] [35m[1mConsolidate compiler generated dependencies of target hello_moveit[0m
[0.184s] [ 50%] [32mBuilding CXX object CMakeFiles/hello_moveit.dir/src/hello_moveit.cpp.o[0m
[5.919s] [100%] [32m[1mLinking CXX executable hello_moveit[0m
[6.179s] [100%] Built target hello_moveit
[6.189s] Invoked command in '/home/wx_pc/Desktop/ur_sim/build/hello_moveit' returned '0': CMAKE_PREFIX_PATH=${CMAKE_PREFIX_PATH}:/home/wx_pc/ws_moveit2/install/moveit_configs_utils:/home/wx_pc/ws_moveit2/install/launch_param_builder:/opt/ros/humble /usr/bin/cmake --build /home/wx_pc/Desktop/ur_sim/build/hello_moveit -- -j16 -l16
[6.217s] Invoking command in '/home/wx_pc/Desktop/ur_sim/build/hello_moveit': CMAKE_PREFIX_PATH=${CMAKE_PREFIX_PATH}:/home/wx_pc/ws_moveit2/install/moveit_configs_utils:/home/wx_pc/ws_moveit2/install/launch_param_builder:/opt/ros/humble /usr/bin/cmake --install /home/wx_pc/Desktop/ur_sim/build/hello_moveit
[6.225s] -- Install configuration: ""
[6.225s] -- Installing: /home/wx_pc/Desktop/ur_sim/install/hello_moveit/lib/hello_moveit/hello_moveit
[6.226s] -- Set runtime path of "/home/wx_pc/Desktop/ur_sim/install/hello_moveit/lib/hello_moveit/hello_moveit" to ""
[6.226s] -- Up-to-date: /home/wx_pc/Desktop/ur_sim/install/hello_moveit/share/hello_moveit//launch
[6.226s] -- Up-to-date: /home/wx_pc/Desktop/ur_sim/install/hello_moveit/share/hello_moveit//launch/hello_moveit.launch.py
[6.226s] -- Up-to-date: /home/wx_pc/Desktop/ur_sim/install/hello_moveit/share/ament_index/resource_index/package_run_dependencies/hello_moveit
[6.226s] -- Up-to-date: /home/wx_pc/Desktop/ur_sim/install/hello_moveit/share/ament_index/resource_index/parent_prefix_path/hello_moveit
[6.226s] -- Up-to-date: /home/wx_pc/Desktop/ur_sim/install/hello_moveit/share/hello_moveit/environment/ament_prefix_path.sh
[6.226s] -- Up-to-date: /home/wx_pc/Desktop/ur_sim/install/hello_moveit/share/hello_moveit/environment/ament_prefix_path.dsv
[6.226s] -- Up-to-date: /home/wx_pc/Desktop/ur_sim/install/hello_moveit/share/hello_moveit/environment/path.sh
[6.226s] -- Up-to-date: /home/wx_pc/Desktop/ur_sim/install/hello_moveit/share/hello_moveit/environment/path.dsv
[6.226s] -- Up-to-date: /home/wx_pc/Desktop/ur_sim/install/hello_moveit/share/hello_moveit/local_setup.bash
[6.227s] -- Up-to-date: /home/wx_pc/Desktop/ur_sim/install/hello_moveit/share/hello_moveit/local_setup.sh
[6.227s] -- Up-to-date: /home/wx_pc/Desktop/ur_sim/install/hello_moveit/share/hello_moveit/local_setup.zsh
[6.227s] -- Up-to-date: /home/wx_pc/Desktop/ur_sim/install/hello_moveit/share/hello_moveit/local_setup.dsv
[6.227s] -- Installing: /home/wx_pc/Desktop/ur_sim/install/hello_moveit/share/hello_moveit/package.dsv
[6.227s] -- Up-to-date: /home/wx_pc/Desktop/ur_sim/install/hello_moveit/share/ament_index/resource_index/packages/hello_moveit
[6.227s] -- Up-to-date: /home/wx_pc/Desktop/ur_sim/install/hello_moveit/share/hello_moveit/cmake/hello_moveitConfig.cmake
[6.227s] -- Up-to-date: /home/wx_pc/Desktop/ur_sim/install/hello_moveit/share/hello_moveit/cmake/hello_moveitConfig-version.cmake
[6.227s] -- Up-to-date: /home/wx_pc/Desktop/ur_sim/install/hello_moveit/share/hello_moveit/package.xml
[6.228s] Invoked command in '/home/wx_pc/Desktop/ur_sim/build/hello_moveit' returned '0': CMAKE_PREFIX_PATH=${CMAKE_PREFIX_PATH}:/home/wx_pc/ws_moveit2/install/moveit_configs_utils:/home/wx_pc/ws_moveit2/install/launch_param_builder:/opt/ros/humble /usr/bin/cmake --install /home/wx_pc/Desktop/ur_sim/build/hello_moveit
