[0.102s] DEBUG:colcon:Command line arguments: ['/usr/bin/colcon', 'build']
[0.102s] DEBUG:colcon:Parsed command line arguments: Namespace(log_base=None, log_level=None, verb_name='build', build_base='build', install_base='install', merge_install=False, symlink_install=False, test_result_base=None, continue_on_error=False, executor='parallel', parallel_workers=16, event_handlers=None, ignore_user_meta=False, metas=['./colcon.meta'], base_paths=['.'], packages_ignore=None, packages_ignore_regex=None, paths=None, packages_up_to=None, packages_up_to_regex=None, packages_above=None, packages_above_and_dependencies=None, packages_above_depth=None, packages_select_by_dep=None, packages_skip_by_dep=None, packages_skip_up_to=None, packages_select_build_failed=False, packages_skip_build_finished=False, packages_select_test_failures=False, packages_skip_test_passed=False, packages_select=None, packages_skip=None, packages_select_regex=None, packages_skip_regex=None, packages_start=None, packages_end=None, allow_overriding=[], cmake_args=None, cmake_target=None, cmake_target_skip_unavailable=False, cmake_clean_cache=False, cmake_clean_first=False, cmake_force_configure=False, ament_cmake_args=None, catkin_cmake_args=None, catkin_skip_building_tests=False, mixin_files=None, mixin=None, verb_parser=<colcon_mixin.mixin.mixin_argument.MixinArgumentDecorator object at 0x7ff64c178100>, verb_extension=<colcon_core.verb.build.BuildVerb object at 0x7ff64c13ba90>, main=<bound method BuildVerb.main of <colcon_core.verb.build.BuildVerb object at 0x7ff64c13ba90>>, mixin_verb=('build',))
[0.270s] Level 1:colcon.colcon_core.package_discovery:discover_packages(colcon_meta) check parameters
[0.270s] Level 1:colcon.colcon_core.package_discovery:discover_packages(recursive) check parameters
[0.270s] Level 1:colcon.colcon_core.package_discovery:discover_packages(ignore) check parameters
[0.270s] Level 1:colcon.colcon_core.package_discovery:discover_packages(path) check parameters
[0.270s] Level 1:colcon.colcon_core.package_discovery:discover_packages(colcon_meta) discover
[0.270s] Level 1:colcon.colcon_core.package_discovery:discover_packages(recursive) discover
[0.270s] INFO:colcon.colcon_core.package_discovery:Crawling recursively for packages in '/home/wx_pc/Desktop/ur_sim'
[0.270s] Level 1:colcon.colcon_core.package_identification:_identify(.) by extensions ['ignore', 'ignore_ament_install']
[0.271s] Level 1:colcon.colcon_core.package_identification:_identify(.) by extension 'ignore'
[0.271s] Level 1:colcon.colcon_core.package_identification:_identify(.) by extension 'ignore_ament_install'
[0.271s] Level 1:colcon.colcon_core.package_identification:_identify(.) by extensions ['colcon_pkg']
[0.271s] Level 1:colcon.colcon_core.package_identification:_identify(.) by extension 'colcon_pkg'
[0.271s] Level 1:colcon.colcon_core.package_identification:_identify(.) by extensions ['colcon_meta']
[0.271s] Level 1:colcon.colcon_core.package_identification:_identify(.) by extension 'colcon_meta'
[0.271s] Level 1:colcon.colcon_core.package_identification:_identify(.) by extensions ['ros']
[0.271s] Level 1:colcon.colcon_core.package_identification:_identify(.) by extension 'ros'
[0.286s] Level 1:colcon.colcon_core.package_identification:_identify(.) by extensions ['cmake', 'python']
[0.286s] Level 1:colcon.colcon_core.package_identification:_identify(.) by extension 'cmake'
[0.286s] Level 1:colcon.colcon_core.package_identification:_identify(.) by extension 'python'
[0.286s] Level 1:colcon.colcon_core.package_identification:_identify(.) by extensions ['python_setup_py']
[0.286s] Level 1:colcon.colcon_core.package_identification:_identify(.) by extension 'python_setup_py'
[0.286s] Level 1:colcon.colcon_core.package_identification:_identify(build) by extensions ['ignore', 'ignore_ament_install']
[0.286s] Level 1:colcon.colcon_core.package_identification:_identify(build) by extension 'ignore'
[0.286s] Level 1:colcon.colcon_core.package_identification:_identify(build) ignored
[0.286s] Level 1:colcon.colcon_core.package_identification:_identify(install) by extensions ['ignore', 'ignore_ament_install']
[0.286s] Level 1:colcon.colcon_core.package_identification:_identify(install) by extension 'ignore'
[0.286s] Level 1:colcon.colcon_core.package_identification:_identify(install) ignored
[0.287s] Level 1:colcon.colcon_core.package_identification:_identify(log) by extensions ['ignore', 'ignore_ament_install']
[0.287s] Level 1:colcon.colcon_core.package_identification:_identify(log) by extension 'ignore'
[0.287s] Level 1:colcon.colcon_core.package_identification:_identify(log) ignored
[0.287s] Level 1:colcon.colcon_core.package_identification:_identify(src) by extensions ['ignore', 'ignore_ament_install']
[0.287s] Level 1:colcon.colcon_core.package_identification:_identify(src) by extension 'ignore'
[0.287s] Level 1:colcon.colcon_core.package_identification:_identify(src) by extension 'ignore_ament_install'
[0.287s] Level 1:colcon.colcon_core.package_identification:_identify(src) by extensions ['colcon_pkg']
[0.287s] Level 1:colcon.colcon_core.package_identification:_identify(src) by extension 'colcon_pkg'
[0.287s] Level 1:colcon.colcon_core.package_identification:_identify(src) by extensions ['colcon_meta']
[0.287s] Level 1:colcon.colcon_core.package_identification:_identify(src) by extension 'colcon_meta'
[0.287s] Level 1:colcon.colcon_core.package_identification:_identify(src) by extensions ['ros']
[0.287s] Level 1:colcon.colcon_core.package_identification:_identify(src) by extension 'ros'
[0.287s] Level 1:colcon.colcon_core.package_identification:_identify(src) by extensions ['cmake', 'python']
[0.287s] Level 1:colcon.colcon_core.package_identification:_identify(src) by extension 'cmake'
[0.287s] Level 1:colcon.colcon_core.package_identification:_identify(src) by extension 'python'
[0.287s] Level 1:colcon.colcon_core.package_identification:_identify(src) by extensions ['python_setup_py']
[0.287s] Level 1:colcon.colcon_core.package_identification:_identify(src) by extension 'python_setup_py'
[0.287s] Level 1:colcon.colcon_core.package_identification:_identify(src/Universal_Robots_ROS2_GZ_Simulation) by extensions ['ignore', 'ignore_ament_install']
[0.288s] Level 1:colcon.colcon_core.package_identification:_identify(src/Universal_Robots_ROS2_GZ_Simulation) by extension 'ignore'
[0.288s] Level 1:colcon.colcon_core.package_identification:_identify(src/Universal_Robots_ROS2_GZ_Simulation) by extension 'ignore_ament_install'
[0.288s] Level 1:colcon.colcon_core.package_identification:_identify(src/Universal_Robots_ROS2_GZ_Simulation) by extensions ['colcon_pkg']
[0.288s] Level 1:colcon.colcon_core.package_identification:_identify(src/Universal_Robots_ROS2_GZ_Simulation) by extension 'colcon_pkg'
[0.288s] Level 1:colcon.colcon_core.package_identification:_identify(src/Universal_Robots_ROS2_GZ_Simulation) by extensions ['colcon_meta']
[0.288s] Level 1:colcon.colcon_core.package_identification:_identify(src/Universal_Robots_ROS2_GZ_Simulation) by extension 'colcon_meta'
[0.288s] Level 1:colcon.colcon_core.package_identification:_identify(src/Universal_Robots_ROS2_GZ_Simulation) by extensions ['ros']
[0.288s] Level 1:colcon.colcon_core.package_identification:_identify(src/Universal_Robots_ROS2_GZ_Simulation) by extension 'ros'
[0.288s] Level 1:colcon.colcon_core.package_identification:_identify(src/Universal_Robots_ROS2_GZ_Simulation) by extensions ['cmake', 'python']
[0.288s] Level 1:colcon.colcon_core.package_identification:_identify(src/Universal_Robots_ROS2_GZ_Simulation) by extension 'cmake'
[0.288s] Level 1:colcon.colcon_core.package_identification:_identify(src/Universal_Robots_ROS2_GZ_Simulation) by extension 'python'
[0.288s] Level 1:colcon.colcon_core.package_identification:_identify(src/Universal_Robots_ROS2_GZ_Simulation) by extensions ['python_setup_py']
[0.288s] Level 1:colcon.colcon_core.package_identification:_identify(src/Universal_Robots_ROS2_GZ_Simulation) by extension 'python_setup_py'
[0.288s] Level 1:colcon.colcon_core.package_identification:_identify(src/Universal_Robots_ROS2_GZ_Simulation/ur_simulation_gz) by extensions ['ignore', 'ignore_ament_install']
[0.288s] Level 1:colcon.colcon_core.package_identification:_identify(src/Universal_Robots_ROS2_GZ_Simulation/ur_simulation_gz) by extension 'ignore'
[0.288s] Level 1:colcon.colcon_core.package_identification:_identify(src/Universal_Robots_ROS2_GZ_Simulation/ur_simulation_gz) by extension 'ignore_ament_install'
[0.288s] Level 1:colcon.colcon_core.package_identification:_identify(src/Universal_Robots_ROS2_GZ_Simulation/ur_simulation_gz) by extensions ['colcon_pkg']
[0.288s] Level 1:colcon.colcon_core.package_identification:_identify(src/Universal_Robots_ROS2_GZ_Simulation/ur_simulation_gz) by extension 'colcon_pkg'
[0.288s] Level 1:colcon.colcon_core.package_identification:_identify(src/Universal_Robots_ROS2_GZ_Simulation/ur_simulation_gz) by extensions ['colcon_meta']
[0.288s] Level 1:colcon.colcon_core.package_identification:_identify(src/Universal_Robots_ROS2_GZ_Simulation/ur_simulation_gz) by extension 'colcon_meta'
[0.288s] Level 1:colcon.colcon_core.package_identification:_identify(src/Universal_Robots_ROS2_GZ_Simulation/ur_simulation_gz) by extensions ['ros']
[0.288s] Level 1:colcon.colcon_core.package_identification:_identify(src/Universal_Robots_ROS2_GZ_Simulation/ur_simulation_gz) by extension 'ros'
[0.290s] DEBUG:colcon.colcon_core.package_identification:Package 'src/Universal_Robots_ROS2_GZ_Simulation/ur_simulation_gz' with type 'ros.ament_cmake' and name 'ur_simulation_gz'
[0.290s] Level 1:colcon.colcon_core.package_identification:_identify(src/hello_moveit) by extensions ['ignore', 'ignore_ament_install']
[0.290s] Level 1:colcon.colcon_core.package_identification:_identify(src/hello_moveit) by extension 'ignore'
[0.290s] Level 1:colcon.colcon_core.package_identification:_identify(src/hello_moveit) by extension 'ignore_ament_install'
[0.291s] Level 1:colcon.colcon_core.package_identification:_identify(src/hello_moveit) by extensions ['colcon_pkg']
[0.291s] Level 1:colcon.colcon_core.package_identification:_identify(src/hello_moveit) by extension 'colcon_pkg'
[0.291s] Level 1:colcon.colcon_core.package_identification:_identify(src/hello_moveit) by extensions ['colcon_meta']
[0.291s] Level 1:colcon.colcon_core.package_identification:_identify(src/hello_moveit) by extension 'colcon_meta'
[0.291s] Level 1:colcon.colcon_core.package_identification:_identify(src/hello_moveit) by extensions ['ros']
[0.291s] Level 1:colcon.colcon_core.package_identification:_identify(src/hello_moveit) by extension 'ros'
[0.291s] DEBUG:colcon.colcon_core.package_identification:Package 'src/hello_moveit' with type 'ros.ament_cmake' and name 'hello_moveit'
[0.291s] Level 1:colcon.colcon_core.package_discovery:discover_packages(recursive) using defaults
[0.291s] Level 1:colcon.colcon_core.package_discovery:discover_packages(ignore) discover
[0.291s] Level 1:colcon.colcon_core.package_discovery:discover_packages(ignore) using defaults
[0.291s] Level 1:colcon.colcon_core.package_discovery:discover_packages(path) discover
[0.291s] Level 1:colcon.colcon_core.package_discovery:discover_packages(path) using defaults
[0.306s] Level 1:colcon.colcon_core.package_discovery:discover_packages(prefix_path) check parameters
[0.306s] Level 1:colcon.colcon_core.package_discovery:discover_packages(prefix_path) discover
[0.309s] DEBUG:colcon.colcon_installed_package_information.package_discovery:Found 2 installed packages in /home/wx_pc/Desktop/ur_sim/install
[0.310s] DEBUG:colcon.colcon_installed_package_information.package_discovery:Found 55 installed packages in /home/wx_pc/ws_moveit2/install
[0.312s] DEBUG:colcon.colcon_installed_package_information.package_discovery:Found 408 installed packages in /opt/ros/humble
[0.315s] Level 1:colcon.colcon_core.package_discovery:discover_packages(prefix_path) using defaults
[0.361s] Level 5:colcon.colcon_core.verb:set package 'hello_moveit' build argument 'cmake_args' from command line to 'None'
[0.361s] Level 5:colcon.colcon_core.verb:set package 'hello_moveit' build argument 'cmake_target' from command line to 'None'
[0.361s] Level 5:colcon.colcon_core.verb:set package 'hello_moveit' build argument 'cmake_target_skip_unavailable' from command line to 'False'
[0.361s] Level 5:colcon.colcon_core.verb:set package 'hello_moveit' build argument 'cmake_clean_cache' from command line to 'False'
[0.361s] Level 5:colcon.colcon_core.verb:set package 'hello_moveit' build argument 'cmake_clean_first' from command line to 'False'
[0.361s] Level 5:colcon.colcon_core.verb:set package 'hello_moveit' build argument 'cmake_force_configure' from command line to 'False'
[0.361s] Level 5:colcon.colcon_core.verb:set package 'hello_moveit' build argument 'ament_cmake_args' from command line to 'None'
[0.361s] Level 5:colcon.colcon_core.verb:set package 'hello_moveit' build argument 'catkin_cmake_args' from command line to 'None'
[0.361s] Level 5:colcon.colcon_core.verb:set package 'hello_moveit' build argument 'catkin_skip_building_tests' from command line to 'False'
[0.361s] DEBUG:colcon.colcon_core.verb:Building package 'hello_moveit' with the following arguments: {'ament_cmake_args': None, 'build_base': '/home/wx_pc/Desktop/ur_sim/build/hello_moveit', 'catkin_cmake_args': None, 'catkin_skip_building_tests': False, 'cmake_args': None, 'cmake_clean_cache': False, 'cmake_clean_first': False, 'cmake_force_configure': False, 'cmake_target': None, 'cmake_target_skip_unavailable': False, 'install_base': '/home/wx_pc/Desktop/ur_sim/install/hello_moveit', 'merge_install': False, 'path': '/home/wx_pc/Desktop/ur_sim/src/hello_moveit', 'symlink_install': False, 'test_result_base': None}
[0.362s] Level 5:colcon.colcon_core.verb:set package 'ur_simulation_gz' build argument 'cmake_args' from command line to 'None'
[0.362s] Level 5:colcon.colcon_core.verb:set package 'ur_simulation_gz' build argument 'cmake_target' from command line to 'None'
[0.362s] Level 5:colcon.colcon_core.verb:set package 'ur_simulation_gz' build argument 'cmake_target_skip_unavailable' from command line to 'False'
[0.362s] Level 5:colcon.colcon_core.verb:set package 'ur_simulation_gz' build argument 'cmake_clean_cache' from command line to 'False'
[0.362s] Level 5:colcon.colcon_core.verb:set package 'ur_simulation_gz' build argument 'cmake_clean_first' from command line to 'False'
[0.362s] Level 5:colcon.colcon_core.verb:set package 'ur_simulation_gz' build argument 'cmake_force_configure' from command line to 'False'
[0.362s] Level 5:colcon.colcon_core.verb:set package 'ur_simulation_gz' build argument 'ament_cmake_args' from command line to 'None'
[0.362s] Level 5:colcon.colcon_core.verb:set package 'ur_simulation_gz' build argument 'catkin_cmake_args' from command line to 'None'
[0.362s] Level 5:colcon.colcon_core.verb:set package 'ur_simulation_gz' build argument 'catkin_skip_building_tests' from command line to 'False'
[0.362s] DEBUG:colcon.colcon_core.verb:Building package 'ur_simulation_gz' with the following arguments: {'ament_cmake_args': None, 'build_base': '/home/wx_pc/Desktop/ur_sim/build/ur_simulation_gz', 'catkin_cmake_args': None, 'catkin_skip_building_tests': False, 'cmake_args': None, 'cmake_clean_cache': False, 'cmake_clean_first': False, 'cmake_force_configure': False, 'cmake_target': None, 'cmake_target_skip_unavailable': False, 'install_base': '/home/wx_pc/Desktop/ur_sim/install/ur_simulation_gz', 'merge_install': False, 'path': '/home/wx_pc/Desktop/ur_sim/src/Universal_Robots_ROS2_GZ_Simulation/ur_simulation_gz', 'symlink_install': False, 'test_result_base': None}
[0.362s] INFO:colcon.colcon_core.executor:Executing jobs using 'parallel' executor
[0.363s] DEBUG:colcon.colcon_parallel_executor.executor.parallel:run_until_complete
[0.363s] INFO:colcon.colcon_ros.task.ament_cmake.build:Building ROS package in '/home/wx_pc/Desktop/ur_sim/src/hello_moveit' with build type 'ament_cmake'
[0.363s] INFO:colcon.colcon_cmake.task.cmake.build:Building CMake package in '/home/wx_pc/Desktop/ur_sim/src/hello_moveit'
[0.365s] INFO:colcon.colcon_core.plugin_system:Skipping extension 'colcon_core.shell.bat': Not used on non-Windows systems
[0.365s] INFO:colcon.colcon_core.shell:Skip shell extension 'powershell' for command environment: Not usable outside of PowerShell
[0.365s] DEBUG:colcon.colcon_core.shell:Skip shell extension 'dsv' for command environment
[0.371s] INFO:colcon.colcon_ros.task.ament_cmake.build:Building ROS package in '/home/wx_pc/Desktop/ur_sim/src/Universal_Robots_ROS2_GZ_Simulation/ur_simulation_gz' with build type 'ament_cmake'
[0.371s] INFO:colcon.colcon_cmake.task.cmake.build:Building CMake package in '/home/wx_pc/Desktop/ur_sim/src/Universal_Robots_ROS2_GZ_Simulation/ur_simulation_gz'
[0.372s] INFO:colcon.colcon_core.shell:Skip shell extension 'powershell' for command environment: Not usable outside of PowerShell
[0.372s] DEBUG:colcon.colcon_core.shell:Skip shell extension 'dsv' for command environment
[0.381s] DEBUG:colcon.colcon_core.event_handler.log_command:Invoking command in '/home/wx_pc/Desktop/ur_sim/build/hello_moveit': CMAKE_PREFIX_PATH=${CMAKE_PREFIX_PATH}:/home/wx_pc/ws_moveit2/install/moveit_configs_utils:/home/wx_pc/ws_moveit2/install/launch_param_builder:/opt/ros/humble /usr/bin/cmake --build /home/wx_pc/Desktop/ur_sim/build/hello_moveit -- -j16 -l16
[0.385s] DEBUG:colcon.colcon_core.event_handler.log_command:Invoking command in '/home/wx_pc/Desktop/ur_sim/build/ur_simulation_gz': CMAKE_PREFIX_PATH=${CMAKE_PREFIX_PATH}:/home/wx_pc/ws_moveit2/install/moveit_configs_utils:/home/wx_pc/ws_moveit2/install/launch_param_builder:/opt/ros/humble /usr/bin/cmake --build /home/wx_pc/Desktop/ur_sim/build/ur_simulation_gz -- -j16 -l16
[0.421s] DEBUG:colcon.colcon_core.event_handler.log_command:Invoked command in '/home/wx_pc/Desktop/ur_sim/build/ur_simulation_gz' returned '0': CMAKE_PREFIX_PATH=${CMAKE_PREFIX_PATH}:/home/wx_pc/ws_moveit2/install/moveit_configs_utils:/home/wx_pc/ws_moveit2/install/launch_param_builder:/opt/ros/humble /usr/bin/cmake --build /home/wx_pc/Desktop/ur_sim/build/ur_simulation_gz -- -j16 -l16
[0.453s] DEBUG:colcon.colcon_core.event_handler.log_command:Invoking command in '/home/wx_pc/Desktop/ur_sim/build/ur_simulation_gz': CMAKE_PREFIX_PATH=${CMAKE_PREFIX_PATH}:/home/wx_pc/ws_moveit2/install/moveit_configs_utils:/home/wx_pc/ws_moveit2/install/launch_param_builder:/opt/ros/humble /usr/bin/cmake --install /home/wx_pc/Desktop/ur_sim/build/ur_simulation_gz
[0.463s] Level 1:colcon.colcon_core.environment:create_environment_scripts_only(ur_simulation_gz)
[0.464s] DEBUG:colcon.colcon_core.event_handler.log_command:Invoked command in '/home/wx_pc/Desktop/ur_sim/build/ur_simulation_gz' returned '0': CMAKE_PREFIX_PATH=${CMAKE_PREFIX_PATH}:/home/wx_pc/ws_moveit2/install/moveit_configs_utils:/home/wx_pc/ws_moveit2/install/launch_param_builder:/opt/ros/humble /usr/bin/cmake --install /home/wx_pc/Desktop/ur_sim/build/ur_simulation_gz
[0.465s] Level 1:colcon.colcon_core.environment:checking '/home/wx_pc/Desktop/ur_sim/install/ur_simulation_gz' for CMake module files
[0.465s] Level 1:colcon.colcon_core.environment:checking '/home/wx_pc/Desktop/ur_sim/install/ur_simulation_gz' for CMake config files
[0.465s] Level 1:colcon.colcon_core.shell:create_environment_hook('ur_simulation_gz', 'cmake_prefix_path')
[0.466s] INFO:colcon.colcon_core.shell:Creating environment hook '/home/wx_pc/Desktop/ur_sim/install/ur_simulation_gz/share/ur_simulation_gz/hook/cmake_prefix_path.ps1'
[0.466s] INFO:colcon.colcon_core.shell:Creating environment descriptor '/home/wx_pc/Desktop/ur_sim/install/ur_simulation_gz/share/ur_simulation_gz/hook/cmake_prefix_path.dsv'
[0.466s] INFO:colcon.colcon_core.shell:Creating environment hook '/home/wx_pc/Desktop/ur_sim/install/ur_simulation_gz/share/ur_simulation_gz/hook/cmake_prefix_path.sh'
[0.467s] Level 1:colcon.colcon_core.environment:checking '/home/wx_pc/Desktop/ur_sim/install/ur_simulation_gz/bin'
[0.467s] Level 1:colcon.colcon_core.environment:checking '/home/wx_pc/Desktop/ur_sim/install/ur_simulation_gz/lib/pkgconfig/ur_simulation_gz.pc'
[0.467s] Level 1:colcon.colcon_core.environment:checking '/home/wx_pc/Desktop/ur_sim/install/ur_simulation_gz/lib/python3.10/site-packages'
[0.467s] Level 1:colcon.colcon_core.environment:checking '/home/wx_pc/Desktop/ur_sim/install/ur_simulation_gz/bin'
[0.468s] INFO:colcon.colcon_core.shell:Creating package script '/home/wx_pc/Desktop/ur_sim/install/ur_simulation_gz/share/ur_simulation_gz/package.ps1'
[0.468s] INFO:colcon.colcon_core.shell:Creating package descriptor '/home/wx_pc/Desktop/ur_sim/install/ur_simulation_gz/share/ur_simulation_gz/package.dsv'
[0.468s] INFO:colcon.colcon_core.shell:Creating package script '/home/wx_pc/Desktop/ur_sim/install/ur_simulation_gz/share/ur_simulation_gz/package.sh'
[0.469s] INFO:colcon.colcon_core.shell:Creating package script '/home/wx_pc/Desktop/ur_sim/install/ur_simulation_gz/share/ur_simulation_gz/package.bash'
[0.470s] INFO:colcon.colcon_core.shell:Creating package script '/home/wx_pc/Desktop/ur_sim/install/ur_simulation_gz/share/ur_simulation_gz/package.zsh'
[0.470s] Level 1:colcon.colcon_core.environment:create_file_with_runtime_dependencies(/home/wx_pc/Desktop/ur_sim/install/ur_simulation_gz/share/colcon-core/packages/ur_simulation_gz)
[0.495s] Level 1:colcon.colcon_core.environment:create_environment_scripts_only(ur_simulation_gz)
[0.495s] Level 1:colcon.colcon_core.environment:checking '/home/wx_pc/Desktop/ur_sim/install/ur_simulation_gz' for CMake module files
[0.495s] Level 1:colcon.colcon_core.environment:checking '/home/wx_pc/Desktop/ur_sim/install/ur_simulation_gz' for CMake config files
[0.495s] Level 1:colcon.colcon_core.shell:create_environment_hook('ur_simulation_gz', 'cmake_prefix_path')
[0.495s] INFO:colcon.colcon_core.shell:Creating environment hook '/home/wx_pc/Desktop/ur_sim/install/ur_simulation_gz/share/ur_simulation_gz/hook/cmake_prefix_path.ps1'
[0.496s] INFO:colcon.colcon_core.shell:Creating environment descriptor '/home/wx_pc/Desktop/ur_sim/install/ur_simulation_gz/share/ur_simulation_gz/hook/cmake_prefix_path.dsv'
[0.496s] INFO:colcon.colcon_core.shell:Creating environment hook '/home/wx_pc/Desktop/ur_sim/install/ur_simulation_gz/share/ur_simulation_gz/hook/cmake_prefix_path.sh'
[0.496s] Level 1:colcon.colcon_core.environment:checking '/home/wx_pc/Desktop/ur_sim/install/ur_simulation_gz/bin'
[0.496s] Level 1:colcon.colcon_core.environment:checking '/home/wx_pc/Desktop/ur_sim/install/ur_simulation_gz/lib/pkgconfig/ur_simulation_gz.pc'
[0.497s] Level 1:colcon.colcon_core.environment:checking '/home/wx_pc/Desktop/ur_sim/install/ur_simulation_gz/lib/python3.10/site-packages'
[0.497s] Level 1:colcon.colcon_core.environment:checking '/home/wx_pc/Desktop/ur_sim/install/ur_simulation_gz/bin'
[0.497s] INFO:colcon.colcon_core.shell:Creating package script '/home/wx_pc/Desktop/ur_sim/install/ur_simulation_gz/share/ur_simulation_gz/package.ps1'
[0.497s] INFO:colcon.colcon_core.shell:Creating package descriptor '/home/wx_pc/Desktop/ur_sim/install/ur_simulation_gz/share/ur_simulation_gz/package.dsv'
[0.498s] INFO:colcon.colcon_core.shell:Creating package script '/home/wx_pc/Desktop/ur_sim/install/ur_simulation_gz/share/ur_simulation_gz/package.sh'
[0.498s] INFO:colcon.colcon_core.shell:Creating package script '/home/wx_pc/Desktop/ur_sim/install/ur_simulation_gz/share/ur_simulation_gz/package.bash'
[0.498s] INFO:colcon.colcon_core.shell:Creating package script '/home/wx_pc/Desktop/ur_sim/install/ur_simulation_gz/share/ur_simulation_gz/package.zsh'
[0.498s] Level 1:colcon.colcon_core.environment:create_file_with_runtime_dependencies(/home/wx_pc/Desktop/ur_sim/install/ur_simulation_gz/share/colcon-core/packages/ur_simulation_gz)
[5.959s] DEBUG:colcon.colcon_core.event_handler.log_command:Invoked command in '/home/wx_pc/Desktop/ur_sim/build/hello_moveit' returned '2': CMAKE_PREFIX_PATH=${CMAKE_PREFIX_PATH}:/home/wx_pc/ws_moveit2/install/moveit_configs_utils:/home/wx_pc/ws_moveit2/install/launch_param_builder:/opt/ros/humble /usr/bin/cmake --build /home/wx_pc/Desktop/ur_sim/build/hello_moveit -- -j16 -l16
[5.986s] Level 1:colcon.colcon_core.environment:create_environment_scripts_only(hello_moveit)
[5.987s] Level 1:colcon.colcon_core.environment:checking '/home/wx_pc/Desktop/ur_sim/install/hello_moveit' for CMake module files
[5.987s] Level 1:colcon.colcon_core.environment:checking '/home/wx_pc/Desktop/ur_sim/install/hello_moveit' for CMake config files
[5.987s] Level 1:colcon.colcon_core.shell:create_environment_hook('hello_moveit', 'cmake_prefix_path')
[5.987s] INFO:colcon.colcon_core.shell:Creating environment hook '/home/wx_pc/Desktop/ur_sim/install/hello_moveit/share/hello_moveit/hook/cmake_prefix_path.ps1'
[5.988s] INFO:colcon.colcon_core.shell:Creating environment descriptor '/home/wx_pc/Desktop/ur_sim/install/hello_moveit/share/hello_moveit/hook/cmake_prefix_path.dsv'
[5.988s] INFO:colcon.colcon_core.shell:Creating environment hook '/home/wx_pc/Desktop/ur_sim/install/hello_moveit/share/hello_moveit/hook/cmake_prefix_path.sh'
[5.989s] Level 1:colcon.colcon_core.environment:checking '/home/wx_pc/Desktop/ur_sim/install/hello_moveit/lib'
[5.989s] Level 1:colcon.colcon_core.environment:checking '/home/wx_pc/Desktop/ur_sim/install/hello_moveit/bin'
[5.989s] Level 1:colcon.colcon_core.environment:checking '/home/wx_pc/Desktop/ur_sim/install/hello_moveit/lib/pkgconfig/hello_moveit.pc'
[5.989s] Level 1:colcon.colcon_core.environment:checking '/home/wx_pc/Desktop/ur_sim/install/hello_moveit/lib/python3.10/site-packages'
[5.989s] Level 1:colcon.colcon_core.environment:checking '/home/wx_pc/Desktop/ur_sim/install/hello_moveit/bin'
[5.989s] INFO:colcon.colcon_core.shell:Creating package script '/home/wx_pc/Desktop/ur_sim/install/hello_moveit/share/hello_moveit/package.ps1'
[5.990s] INFO:colcon.colcon_core.shell:Creating package descriptor '/home/wx_pc/Desktop/ur_sim/install/hello_moveit/share/hello_moveit/package.dsv'
[5.990s] INFO:colcon.colcon_core.shell:Creating package script '/home/wx_pc/Desktop/ur_sim/install/hello_moveit/share/hello_moveit/package.sh'
[5.990s] INFO:colcon.colcon_core.shell:Creating package script '/home/wx_pc/Desktop/ur_sim/install/hello_moveit/share/hello_moveit/package.bash'
[5.991s] INFO:colcon.colcon_core.shell:Creating package script '/home/wx_pc/Desktop/ur_sim/install/hello_moveit/share/hello_moveit/package.zsh'
[5.991s] Level 1:colcon.colcon_core.environment:create_file_with_runtime_dependencies(/home/wx_pc/Desktop/ur_sim/install/hello_moveit/share/colcon-core/packages/hello_moveit)
[6.001s] DEBUG:colcon.colcon_parallel_executor.executor.parallel:closing loop
[6.001s] DEBUG:colcon.colcon_parallel_executor.executor.parallel:loop closed
[6.001s] DEBUG:colcon.colcon_parallel_executor.executor.parallel:run_until_complete finished with '2'
[6.001s] DEBUG:colcon.colcon_core.event_reactor:joining thread
[6.006s] INFO:colcon.colcon_core.plugin_system:Skipping extension 'colcon_notification.desktop_notification.terminal_notifier': Not used on non-Darwin systems
[6.006s] INFO:colcon.colcon_core.plugin_system:Skipping extension 'colcon_notification.desktop_notification.win32': Not used on non-Windows systems
[6.006s] INFO:colcon.colcon_notification.desktop_notification:Sending desktop notification using 'notify2'
[6.054s] DEBUG:colcon.colcon_core.event_reactor:joined thread
[6.054s] INFO:colcon.colcon_core.shell:Creating prefix script '/home/wx_pc/Desktop/ur_sim/install/local_setup.ps1'
[6.055s] INFO:colcon.colcon_core.shell:Creating prefix util module '/home/wx_pc/Desktop/ur_sim/install/_local_setup_util_ps1.py'
[6.056s] INFO:colcon.colcon_core.shell:Creating prefix chain script '/home/wx_pc/Desktop/ur_sim/install/setup.ps1'
[6.058s] INFO:colcon.colcon_core.shell:Creating prefix script '/home/wx_pc/Desktop/ur_sim/install/local_setup.sh'
[6.059s] INFO:colcon.colcon_core.shell:Creating prefix util module '/home/wx_pc/Desktop/ur_sim/install/_local_setup_util_sh.py'
[6.059s] INFO:colcon.colcon_core.shell:Creating prefix chain script '/home/wx_pc/Desktop/ur_sim/install/setup.sh'
[6.061s] INFO:colcon.colcon_core.shell:Creating prefix script '/home/wx_pc/Desktop/ur_sim/install/local_setup.bash'
[6.061s] INFO:colcon.colcon_core.shell:Creating prefix chain script '/home/wx_pc/Desktop/ur_sim/install/setup.bash'
[6.063s] INFO:colcon.colcon_core.shell:Creating prefix script '/home/wx_pc/Desktop/ur_sim/install/local_setup.zsh'
[6.064s] INFO:colcon.colcon_core.shell:Creating prefix chain script '/home/wx_pc/Desktop/ur_sim/install/setup.zsh'
